**** Debug log started: Mon Apr 16 10:04:39 GMT 2007 ****
% Storage System: v1 file storage mode.
% Internal Data Cache size:          4194304
% Internal Data Cache max cell size: 8192
% lookup_comparison_list = false
% read_only = false
% transaction_error_on_dirty_select = true
% ignore_case_for_identifiers = false
% Java NIO API is available.
% io_safety_level = 10
% Using stardard IO API for heap buffered file access.
% [Buffer Manager] Using IO API: Java IO
% [Buffer Manager] Page Size: 8192
% [Buffer Manager] Max pages: 256
% Using Java regex API.
% No 'function_factories' config property found.
% statement_cache = true
% Max worker threads set to: 4
% Starting Database Server
**** Debug log started: Mon Apr 16 10:04:40 GMT 2007 ****
% Storage System: v1 file storage mode.
% Internal Data Cache size:          4194304
% Internal Data Cache max cell size: 8192
% lookup_comparison_list = false
% read_only = false
% transaction_error_on_dirty_select = true
% ignore_case_for_identifiers = false
% Java NIO API is available.
% io_safety_level = 10
% Using stardard IO API for heap buffered file access.
% [Buffer Manager] Using IO API: Java IO
% [Buffer Manager] Page Size: 8192
% [Buffer Manager] Max pages: 256
% Using Java regex API.
% No 'function_factories' config property found.
% statement_cache = true
% Max worker threads set to: 4
% Starting Database Server
**** Debug log started: Mon Apr 16 10:04:40 GMT 2007 ****
% Storage System: v1 file storage mode.
% Internal Data Cache size:          4194304
% Internal Data Cache max cell size: 8192
% lookup_comparison_list = false
% read_only = false
% transaction_error_on_dirty_select = true
% ignore_case_for_identifiers = false
% Java NIO API is available.
% io_safety_level = 10
% Using stardard IO API for heap buffered file access.
% [Buffer Manager] Using IO API: Java IO
% [Buffer Manager] Page Size: 8192
% [Buffer Manager] Max pages: 256
% Using Java regex API.
% No 'function_factories' config property found.
% statement_cache = true
% Max worker threads set to: 4
% Starting Database Server
> com.mckoi.database.jdbcserver.DefaultLocalBootable$LocalJDBCDatabaseInterface ( lvl: 20 )
  Exception thrown during query processing on: [ Query:
[ SELECT * FROM Activity WHERE CompId=99999 ]

]
[ TIME: Mon Apr 16 10:04:40 GMT 2007 ]
% com.mckoi.database.StatementException: Table 'APP.Activity' was not found.
	at com.mckoi.database.interpret.Planner.generateFromSet(Planner.java:170)
	at com.mckoi.database.interpret.Select.prepare(Select.java:119)
	at com.mckoi.database.interpret.SQLQueryExecutor.execute(SQLQueryExecutor.java:144)
	at com.mckoi.database.jdbcserver.AbstractJDBCDatabaseInterface.execQuery(AbstractJDBCDatabaseInterface.java:461)
	at com.mckoi.database.jdbcserver.JDBCDatabaseInterface.execQuery(JDBCDatabaseInterface.java:251)
	at com.mckoi.database.jdbc.MConnection.executeQuery(MConnection.java:442)
	at com.mckoi.database.jdbc.MConnection.executeQueries(MConnection.java:425)
	at com.mckoi.database.jdbc.MStatement.executeQueries(MStatement.java:190)
	at com.mckoi.database.jdbc.MStatement.executeQuery(MStatement.java:164)
	at com.mckoi.database.jdbc.MStatement.executeQuery(MStatement.java:219)
	at nu.lazy8.ledger.jdbc.DataConnection.makeConnection(DataConnection.java:400)
	at nu.lazy8.ledger.jdbc.DataConnection.<init>(DataConnection.java:163)
	at nu.lazy8.ledger.jdbc.DataConnection.getInstance(DataConnection.java:262)
	at nu.lazy8.ledger.forms.CompanyForm.doesNumberExist(CompanyForm.java:251)
	at nu.lazy8.ledger.forms.CreateNewCompany$5.actionPerformed(CreateNewCompany.java:261)
	at javax.swing.AbstractButton.fireActionPerformed(Unknown Source)
	at javax.swing.AbstractButton$Handler.actionPerformed(Unknown Source)
	at javax.swing.DefaultButtonModel.fireActionPerformed(Unknown Source)
	at javax.swing.DefaultButtonModel.setPressed(Unknown Source)
	at javax.swing.plaf.basic.BasicButtonListener.mouseReleased(Unknown Source)
	at java.awt.Component.processMouseEvent(Unknown Source)
	at javax.swing.JComponent.processMouseEvent(Unknown Source)
	at java.awt.Component.processEvent(Unknown Source)
	at java.awt.Container.processEvent(Unknown Source)
	at java.awt.Component.dispatchEventImpl(Unknown Source)
	at java.awt.Container.dispatchEventImpl(Unknown Source)
	at java.awt.Component.dispatchEvent(Unknown Source)
	at java.awt.LightweightDispatcher.retargetMouseEvent(Unknown Source)
	at java.awt.LightweightDispatcher.processMouseEvent(Unknown Source)
	at java.awt.LightweightDispatcher.dispatchEvent(Unknown Source)
	at java.awt.Container.dispatchEventImpl(Unknown Source)
	at java.awt.Window.dispatchEventImpl(Unknown Source)
	at java.awt.Component.dispatchEvent(Unknown Source)
	at java.awt.EventQueue.dispatchEvent(Unknown Source)
	at java.awt.EventDispatchThread.pumpOneEventForHierarchy(Unknown Source)
	at java.awt.EventDispatchThread.pumpEventsForHierarchy(Unknown Source)
	at java.awt.EventDispatchThread.pumpEventsForHierarchy(Unknown Source)
	at java.awt.Dialog$1.run(Unknown Source)
	at java.awt.event.InvocationEvent.dispatch(Unknown Source)
	at java.awt.EventQueue.dispatchEvent(Unknown Source)
	at java.awt.EventDispatchThread.pumpOneEventForHierarchy(Unknown Source)
	at java.awt.EventDispatchThread.pumpEventsForHierarchy(Unknown Source)
	at java.awt.EventDispatchThread.pumpEvents(Unknown Source)
	at java.awt.EventDispatchThread.pumpEvents(Unknown Source)
	at java.awt.EventDispatchThread.run(Unknown Source)
> com.mckoi.database.jdbcserver.DefaultLocalBootable$LocalJDBCDatabaseInterface ( lvl: 20 )
  Exception thrown during query processing on: [ Query:
[ SELECT * FROM Amount WHERE CompId=99999 ]

]
[ TIME: Mon Apr 16 10:04:40 GMT 2007 ]
% com.mckoi.database.StatementException: Table 'APP.Amount' was not found.
	at com.mckoi.database.interpret.Planner.generateFromSet(Planner.java:170)
	at com.mckoi.database.interpret.Select.prepare(Select.java:119)
	at com.mckoi.database.interpret.SQLQueryExecutor.execute(SQLQueryExecutor.java:144)
	at com.mckoi.database.jdbcserver.AbstractJDBCDatabaseInterface.execQuery(AbstractJDBCDatabaseInterface.java:461)
	at com.mckoi.database.jdbcserver.JDBCDatabaseInterface.execQuery(JDBCDatabaseInterface.java:251)
	at com.mckoi.database.jdbc.MConnection.executeQuery(MConnection.java:442)
	at com.mckoi.database.jdbc.MConnection.executeQueries(MConnection.java:425)
	at com.mckoi.database.jdbc.MStatement.executeQueries(MStatement.java:190)
	at com.mckoi.database.jdbc.MStatement.executeQuery(MStatement.java:164)
	at com.mckoi.database.jdbc.MStatement.executeQuery(MStatement.java:219)
	at nu.lazy8.ledger.jdbc.DataConnection.makeConnection(DataConnection.java:400)
	at nu.lazy8.ledger.jdbc.DataConnection.<init>(DataConnection.java:163)
	at nu.lazy8.ledger.jdbc.DataConnection.getInstance(DataConnection.java:262)
	at nu.lazy8.ledger.forms.CompanyForm.doesNumberExist(CompanyForm.java:251)
	at nu.lazy8.ledger.forms.CreateNewCompany$5.actionPerformed(CreateNewCompany.java:261)
	at javax.swing.AbstractButton.fireActionPerformed(Unknown Source)
	at javax.swing.AbstractButton$Handler.actionPerformed(Unknown Source)
	at javax.swing.DefaultButtonModel.fireActionPerformed(Unknown Source)
	at javax.swing.DefaultButtonModel.setPressed(Unknown Source)
	at javax.swing.plaf.basic.BasicButtonListener.mouseReleased(Unknown Source)
	at java.awt.Component.processMouseEvent(Unknown Source)
	at javax.swing.JComponent.processMouseEvent(Unknown Source)
	at java.awt.Component.processEvent(Unknown Source)
	at java.awt.Container.processEvent(Unknown Source)
	at java.awt.Component.dispatchEventImpl(Unknown Source)
	at java.awt.Container.dispatchEventImpl(Unknown Source)
	at java.awt.Component.dispatchEvent(Unknown Source)
	at java.awt.LightweightDispatcher.retargetMouseEvent(Unknown Source)
	at java.awt.LightweightDispatcher.processMouseEvent(Unknown Source)
	at java.awt.LightweightDispatcher.dispatchEvent(Unknown Source)
	at java.awt.Container.dispatchEventImpl(Unknown Source)
	at java.awt.Window.dispatchEventImpl(Unknown Source)
	at java.awt.Component.dispatchEvent(Unknown Source)
	at java.awt.EventQueue.dispatchEvent(Unknown Source)
	at java.awt.EventDispatchThread.pumpOneEventForHierarchy(Unknown Source)
	at java.awt.EventDispatchThread.pumpEventsForHierarchy(Unknown Source)
	at java.awt.EventDispatchThread.pumpEventsForHierarchy(Unknown Source)
	at java.awt.Dialog$1.run(Unknown Source)
	at java.awt.event.InvocationEvent.dispatch(Unknown Source)
	at java.awt.EventQueue.dispatchEvent(Unknown Source)
	at java.awt.EventDispatchThread.pumpOneEventForHierarchy(Unknown Source)
	at java.awt.EventDispatchThread.pumpEventsForHierarchy(Unknown Source)
	at java.awt.EventDispatchThread.pumpEvents(Unknown Source)
	at java.awt.EventDispatchThread.pumpEvents(Unknown Source)
	at java.awt.EventDispatchThread.run(Unknown Source)
> com.mckoi.database.jdbcserver.DefaultLocalBootable$LocalJDBCDatabaseInterface ( lvl: 20 )
  Exception thrown during query processing on: [ Query:
[ SELECT * FROM APP.Account WHERE CompId=99999 ]

]
[ TIME: Mon Apr 16 10:04:40 GMT 2007 ]
% com.mckoi.database.StatementException: Table 'APP.Account' was not found.
	at com.mckoi.database.interpret.Planner.generateFromSet(Planner.java:170)
	at com.mckoi.database.interpret.Select.prepare(Select.java:119)
	at com.mckoi.database.interpret.SQLQueryExecutor.execute(SQLQueryExecutor.java:144)
	at com.mckoi.database.jdbcserver.AbstractJDBCDatabaseInterface.execQuery(AbstractJDBCDatabaseInterface.java:461)
	at com.mckoi.database.jdbcserver.JDBCDatabaseInterface.execQuery(JDBCDatabaseInterface.java:251)
	at com.mckoi.database.jdbc.MConnection.executeQuery(MConnection.java:442)
	at com.mckoi.database.jdbc.MConnection.executeQueries(MConnection.java:425)
	at com.mckoi.database.jdbc.MStatement.executeQueries(MStatement.java:190)
	at com.mckoi.database.jdbc.MStatement.executeQuery(MStatement.java:164)
	at com.mckoi.database.jdbc.MStatement.executeQuery(MStatement.java:219)
	at nu.lazy8.ledger.jdbc.DataConnection.makeConnection(DataConnection.java:400)
	at nu.lazy8.ledger.jdbc.DataConnection.<init>(DataConnection.java:163)
	at nu.lazy8.ledger.jdbc.DataConnection.getInstance(DataConnection.java:262)
	at nu.lazy8.ledger.forms.CompanyForm.doesNumberExist(CompanyForm.java:251)
	at nu.lazy8.ledger.forms.CreateNewCompany$5.actionPerformed(CreateNewCompany.java:261)
	at javax.swing.AbstractButton.fireActionPerformed(Unknown Source)
	at javax.swing.AbstractButton$Handler.actionPerformed(Unknown Source)
	at javax.swing.DefaultButtonModel.fireActionPerformed(Unknown Source)
	at javax.swing.DefaultButtonModel.setPressed(Unknown Source)
	at javax.swing.plaf.basic.BasicButtonListener.mouseReleased(Unknown Source)
	at java.awt.Component.processMouseEvent(Unknown Source)
	at javax.swing.JComponent.processMouseEvent(Unknown Source)
	at java.awt.Component.processEvent(Unknown Source)
	at java.awt.Container.processEvent(Unknown Source)
	at java.awt.Component.dispatchEventImpl(Unknown Source)
	at java.awt.Container.dispatchEventImpl(Unknown Source)
	at java.awt.Component.dispatchEvent(Unknown Source)
	at java.awt.LightweightDispatcher.retargetMouseEvent(Unknown Source)
	at java.awt.LightweightDispatcher.processMouseEvent(Unknown Source)
	at java.awt.LightweightDispatcher.dispatchEvent(Unknown Source)
	at java.awt.Container.dispatchEventImpl(Unknown Source)
	at java.awt.Window.dispatchEventImpl(Unknown Source)
	at java.awt.Component.dispatchEvent(Unknown Source)
	at java.awt.EventQueue.dispatchEvent(Unknown Source)
	at java.awt.EventDispatchThread.pumpOneEventForHierarchy(Unknown Source)
	at java.awt.EventDispatchThread.pumpEventsForHierarchy(Unknown Source)
	at java.awt.EventDispatchThread.pumpEventsForHierarchy(Unknown Source)
	at java.awt.Dialog$1.run(Unknown Source)
	at java.awt.event.InvocationEvent.dispatch(Unknown Source)
	at java.awt.EventQueue.dispatchEvent(Unknown Source)
	at java.awt.EventDispatchThread.pumpOneEventForHierarchy(Unknown Source)
	at java.awt.EventDispatchThread.pumpEventsForHierarchy(Unknown Source)
	at java.awt.EventDispatchThread.pumpEvents(Unknown Source)
	at java.awt.EventDispatchThread.pumpEvents(Unknown Source)
	at java.awt.EventDispatchThread.run(Unknown Source)
> com.mckoi.database.jdbcserver.DefaultLocalBootable$LocalJDBCDatabaseInterface ( lvl: 20 )
  Exception thrown during query processing on: [ Query:
[ SELECT * FROM Customer2 WHERE CompId=99999 ]

]
[ TIME: Mon Apr 16 10:04:41 GMT 2007 ]
% com.mckoi.database.StatementException: Table 'APP.Customer2' was not found.
	at com.mckoi.database.interpret.Planner.generateFromSet(Planner.java:170)
	at com.mckoi.database.interpret.Select.prepare(Select.java:119)
	at com.mckoi.database.interpret.SQLQueryExecutor.execute(SQLQueryExecutor.java:144)
	at com.mckoi.database.jdbcserver.AbstractJDBCDatabaseInterface.execQuery(AbstractJDBCDatabaseInterface.java:461)
	at com.mckoi.database.jdbcserver.JDBCDatabaseInterface.execQuery(JDBCDatabaseInterface.java:251)
	at com.mckoi.database.jdbc.MConnection.executeQuery(MConnection.java:442)
	at com.mckoi.database.jdbc.MConnection.executeQueries(MConnection.java:425)
	at com.mckoi.database.jdbc.MStatement.executeQueries(MStatement.java:190)
	at com.mckoi.database.jdbc.MStatement.executeQuery(MStatement.java:164)
	at com.mckoi.database.jdbc.MStatement.executeQuery(MStatement.java:219)
	at nu.lazy8.ledger.jdbc.DataConnection.makeConnection(DataConnection.java:400)
	at nu.lazy8.ledger.jdbc.DataConnection.<init>(DataConnection.java:163)
	at nu.lazy8.ledger.jdbc.DataConnection.getInstance(DataConnection.java:262)
	at nu.lazy8.ledger.forms.CompanyForm.doesNumberExist(CompanyForm.java:251)
	at nu.lazy8.ledger.forms.CreateNewCompany$5.actionPerformed(CreateNewCompany.java:261)
	at javax.swing.AbstractButton.fireActionPerformed(Unknown Source)
	at javax.swing.AbstractButton$Handler.actionPerformed(Unknown Source)
	at javax.swing.DefaultButtonModel.fireActionPerformed(Unknown Source)
	at javax.swing.DefaultButtonModel.setPressed(Unknown Source)
	at javax.swing.plaf.basic.BasicButtonListener.mouseReleased(Unknown Source)
	at java.awt.Component.processMouseEvent(Unknown Source)
	at javax.swing.JComponent.processMouseEvent(Unknown Source)
	at java.awt.Component.processEvent(Unknown Source)
	at java.awt.Container.processEvent(Unknown Source)
	at java.awt.Component.dispatchEventImpl(Unknown Source)
	at java.awt.Container.dispatchEventImpl(Unknown Source)
	at java.awt.Component.dispatchEvent(Unknown Source)
	at java.awt.LightweightDispatcher.retargetMouseEvent(Unknown Source)
	at java.awt.LightweightDispatcher.processMouseEvent(Unknown Source)
	at java.awt.LightweightDispatcher.dispatchEvent(Unknown Source)
	at java.awt.Container.dispatchEventImpl(Unknown Source)
	at java.awt.Window.dispatchEventImpl(Unknown Source)
	at java.awt.Component.dispatchEvent(Unknown Source)
	at java.awt.EventQueue.dispatchEvent(Unknown Source)
	at java.awt.EventDispatchThread.pumpOneEventForHierarchy(Unknown Source)
	at java.awt.EventDispatchThread.pumpEventsForHierarchy(Unknown Source)
	at java.awt.EventDispatchThread.pumpEventsForHierarchy(Unknown Source)
	at java.awt.Dialog$1.run(Unknown Source)
	at java.awt.event.InvocationEvent.dispatch(Unknown Source)
	at java.awt.EventQueue.dispatchEvent(Unknown Source)
	at java.awt.EventDispatchThread.pumpOneEventForHierarchy(Unknown Source)
	at java.awt.EventDispatchThread.pumpEventsForHierarchy(Unknown Source)
	at java.awt.EventDispatchThread.pumpEvents(Unknown Source)
	at java.awt.EventDispatchThread.pumpEvents(Unknown Source)
	at java.awt.EventDispatchThread.run(Unknown Source)
> com.mckoi.database.jdbcserver.DefaultLocalBootable$LocalJDBCDatabaseInterface ( lvl: 20 )
  Exception thrown during query processing on: [ Query:
[ SELECT * FROM UniqNum WHERE CompId=99999 ]

]
[ TIME: Mon Apr 16 10:04:41 GMT 2007 ]
% com.mckoi.database.StatementException: Table 'APP.UniqNum' was not found.
	at com.mckoi.database.interpret.Planner.generateFromSet(Planner.java:170)
	at com.mckoi.database.interpret.Select.prepare(Select.java:119)
	at com.mckoi.database.interpret.SQLQueryExecutor.execute(SQLQueryExecutor.java:144)
	at com.mckoi.database.jdbcserver.AbstractJDBCDatabaseInterface.execQuery(AbstractJDBCDatabaseInterface.java:461)
	at com.mckoi.database.jdbcserver.JDBCDatabaseInterface.execQuery(JDBCDatabaseInterface.java:251)
	at com.mckoi.database.jdbc.MConnection.executeQuery(MConnection.java:442)
	at com.mckoi.database.jdbc.MConnection.executeQueries(MConnection.java:425)
	at com.mckoi.database.jdbc.MStatement.executeQueries(MStatement.java:190)
	at com.mckoi.database.jdbc.MStatement.executeQuery(MStatement.java:164)
	at com.mckoi.database.jdbc.MStatement.executeQuery(MStatement.java:219)
	at nu.lazy8.ledger.jdbc.DataConnection.makeConnection(DataConnection.java:400)
	at nu.lazy8.ledger.jdbc.DataConnection.<init>(DataConnection.java:163)
	at nu.lazy8.ledger.jdbc.DataConnection.getInstance(DataConnection.java:262)
	at nu.lazy8.ledger.forms.CompanyForm.doesNumberExist(CompanyForm.java:251)
	at nu.lazy8.ledger.forms.CreateNewCompany$5.actionPerformed(CreateNewCompany.java:261)
	at javax.swing.AbstractButton.fireActionPerformed(Unknown Source)
	at javax.swing.AbstractButton$Handler.actionPerformed(Unknown Source)
	at javax.swing.DefaultButtonModel.fireActionPerformed(Unknown Source)
	at javax.swing.DefaultButtonModel.setPressed(Unknown Source)
	at javax.swing.plaf.basic.BasicButtonListener.mouseReleased(Unknown Source)
	at java.awt.Component.processMouseEvent(Unknown Source)
	at javax.swing.JComponent.processMouseEvent(Unknown Source)
	at java.awt.Component.processEvent(Unknown Source)
	at java.awt.Container.processEvent(Unknown Source)
	at java.awt.Component.dispatchEventImpl(Unknown Source)
	at java.awt.Container.dispatchEventImpl(Unknown Source)
	at java.awt.Component.dispatchEvent(Unknown Source)
	at java.awt.LightweightDispatcher.retargetMouseEvent(Unknown Source)
	at java.awt.LightweightDispatcher.processMouseEvent(Unknown Source)
	at java.awt.LightweightDispatcher.dispatchEvent(Unknown Source)
	at java.awt.Container.dispatchEventImpl(Unknown Source)
	at java.awt.Window.dispatchEventImpl(Unknown Source)
	at java.awt.Component.dispatchEvent(Unknown Source)
	at java.awt.EventQueue.dispatchEvent(Unknown Source)
	at java.awt.EventDispatchThread.pumpOneEventForHierarchy(Unknown Source)
	at java.awt.EventDispatchThread.pumpEventsForHierarchy(Unknown Source)
	at java.awt.EventDispatchThread.pumpEventsForHierarchy(Unknown Source)
	at java.awt.Dialog$1.run(Unknown Source)
	at java.awt.event.InvocationEvent.dispatch(Unknown Source)
	at java.awt.EventQueue.dispatchEvent(Unknown Source)
	at java.awt.EventDispatchThread.pumpOneEventForHierarchy(Unknown Source)
	at java.awt.EventDispatchThread.pumpEventsForHierarchy(Unknown Source)
	at java.awt.EventDispatchThread.pumpEvents(Unknown Source)
	at java.awt.EventDispatchThread.pumpEvents(Unknown Source)
	at java.awt.EventDispatchThread.run(Unknown Source)
> com.mckoi.database.jdbcserver.DefaultLocalBootable$LocalJDBCDatabaseInterface ( lvl: 20 )
  Exception thrown during query processing on: [ Query:
[ SELECT * FROM AccountingPeriods WHERE CompId=99999 ]

]
[ TIME: Mon Apr 16 10:04:41 GMT 2007 ]
% com.mckoi.database.StatementException: Table 'APP.AccountingPeriods' was not found.
	at com.mckoi.database.interpret.Planner.generateFromSet(Planner.java:170)
	at com.mckoi.database.interpret.Select.prepare(Select.java:119)
	at com.mckoi.database.interpret.SQLQueryExecutor.execute(SQLQueryExecutor.java:144)
	at com.mckoi.database.jdbcserver.AbstractJDBCDatabaseInterface.execQuery(AbstractJDBCDatabaseInterface.java:461)
	at com.mckoi.database.jdbcserver.JDBCDatabaseInterface.execQuery(JDBCDatabaseInterface.java:251)
	at com.mckoi.database.jdbc.MConnection.executeQuery(MConnection.java:442)
	at com.mckoi.database.jdbc.MConnection.executeQueries(MConnection.java:425)
	at com.mckoi.database.jdbc.MStatement.executeQueries(MStatement.java:190)
	at com.mckoi.database.jdbc.MStatement.executeQuery(MStatement.java:164)
	at com.mckoi.database.jdbc.MStatement.executeQuery(MStatement.java:219)
	at nu.lazy8.ledger.jdbc.DataConnection.makeConnection(DataConnection.java:400)
	at nu.lazy8.ledger.jdbc.DataConnection.<init>(DataConnection.java:163)
	at nu.lazy8.ledger.jdbc.DataConnection.getInstance(DataConnection.java:262)
	at nu.lazy8.ledger.forms.CompanyForm.doesNumberExist(CompanyForm.java:251)
	at nu.lazy8.ledger.forms.CreateNewCompany$5.actionPerformed(CreateNewCompany.java:261)
	at javax.swing.AbstractButton.fireActionPerformed(Unknown Source)
	at javax.swing.AbstractButton$Handler.actionPerformed(Unknown Source)
	at javax.swing.DefaultButtonModel.fireActionPerformed(Unknown Source)
	at javax.swing.DefaultButtonModel.setPressed(Unknown Source)
	at javax.swing.plaf.basic.BasicButtonListener.mouseReleased(Unknown Source)
	at java.awt.Component.processMouseEvent(Unknown Source)
	at javax.swing.JComponent.processMouseEvent(Unknown Source)
	at java.awt.Component.processEvent(Unknown Source)
	at java.awt.Container.processEvent(Unknown Source)
	at java.awt.Component.dispatchEventImpl(Unknown Source)
	at java.awt.Container.dispatchEventImpl(Unknown Source)
	at java.awt.Component.dispatchEvent(Unknown Source)
	at java.awt.LightweightDispatcher.retargetMouseEvent(Unknown Source)
	at java.awt.LightweightDispatcher.processMouseEvent(Unknown Source)
	at java.awt.LightweightDispatcher.dispatchEvent(Unknown Source)
	at java.awt.Container.dispatchEventImpl(Unknown Source)
	at java.awt.Window.dispatchEventImpl(Unknown Source)
	at java.awt.Component.dispatchEvent(Unknown Source)
	at java.awt.EventQueue.dispatchEvent(Unknown Source)
	at java.awt.EventDispatchThread.pumpOneEventForHierarchy(Unknown Source)
	at java.awt.EventDispatchThread.pumpEventsForHierarchy(Unknown Source)
	at java.awt.EventDispatchThread.pumpEventsForHierarchy(Unknown Source)
	at java.awt.Dialog$1.run(Unknown Source)
	at java.awt.event.InvocationEvent.dispatch(Unknown Source)
	at java.awt.EventQueue.dispatchEvent(Unknown Source)
	at java.awt.EventDispatchThread.pumpOneEventForHierarchy(Unknown Source)
	at java.awt.EventDispatchThread.pumpEventsForHierarchy(Unknown Source)
	at java.awt.EventDispatchThread.pumpEvents(Unknown Source)
	at java.awt.EventDispatchThread.pumpEvents(Unknown Source)
	at java.awt.EventDispatchThread.run(Unknown Source)
> com.mckoi.database.jdbcserver.DefaultLocalBootable$LocalJDBCDatabaseInterface ( lvl: 20 )
  Exception thrown during query processing on: [ Query:
[ SELECT * FROM Company WHERE CompId=99999 ]

]
[ TIME: Mon Apr 16 10:04:41 GMT 2007 ]
% com.mckoi.database.StatementException: Table 'APP.Company' was not found.
	at com.mckoi.database.interpret.Planner.generateFromSet(Planner.java:170)
	at com.mckoi.database.interpret.Select.prepare(Select.java:119)
	at com.mckoi.database.interpret.SQLQueryExecutor.execute(SQLQueryExecutor.java:144)
	at com.mckoi.database.jdbcserver.AbstractJDBCDatabaseInterface.execQuery(AbstractJDBCDatabaseInterface.java:461)
	at com.mckoi.database.jdbcserver.JDBCDatabaseInterface.execQuery(JDBCDatabaseInterface.java:251)
	at com.mckoi.database.jdbc.MConnection.executeQuery(MConnection.java:442)
	at com.mckoi.database.jdbc.MConnection.executeQueries(MConnection.java:425)
	at com.mckoi.database.jdbc.MStatement.executeQueries(MStatement.java:190)
	at com.mckoi.database.jdbc.MStatement.executeQuery(MStatement.java:164)
	at com.mckoi.database.jdbc.MStatement.executeQuery(MStatement.java:219)
	at nu.lazy8.ledger.jdbc.DataConnection.makeConnection(DataConnection.java:400)
	at nu.lazy8.ledger.jdbc.DataConnection.<init>(DataConnection.java:163)
	at nu.lazy8.ledger.jdbc.DataConnection.getInstance(DataConnection.java:262)
	at nu.lazy8.ledger.forms.CompanyForm.doesNumberExist(CompanyForm.java:251)
	at nu.lazy8.ledger.forms.CreateNewCompany$5.actionPerformed(CreateNewCompany.java:261)
	at javax.swing.AbstractButton.fireActionPerformed(Unknown Source)
	at javax.swing.AbstractButton$Handler.actionPerformed(Unknown Source)
	at javax.swing.DefaultButtonModel.fireActionPerformed(Unknown Source)
	at javax.swing.DefaultButtonModel.setPressed(Unknown Source)
	at javax.swing.plaf.basic.BasicButtonListener.mouseReleased(Unknown Source)
	at java.awt.Component.processMouseEvent(Unknown Source)
	at javax.swing.JComponent.processMouseEvent(Unknown Source)
	at java.awt.Component.processEvent(Unknown Source)
	at java.awt.Container.processEvent(Unknown Source)
	at java.awt.Component.dispatchEventImpl(Unknown Source)
	at java.awt.Container.dispatchEventImpl(Unknown Source)
	at java.awt.Component.dispatchEvent(Unknown Source)
	at java.awt.LightweightDispatcher.retargetMouseEvent(Unknown Source)
	at java.awt.LightweightDispatcher.processMouseEvent(Unknown Source)
	at java.awt.LightweightDispatcher.dispatchEvent(Unknown Source)
	at java.awt.Container.dispatchEventImpl(Unknown Source)
	at java.awt.Window.dispatchEventImpl(Unknown Source)
	at java.awt.Component.dispatchEvent(Unknown Source)
	at java.awt.EventQueue.dispatchEvent(Unknown Source)
	at java.awt.EventDispatchThread.pumpOneEventForHierarchy(Unknown Source)
	at java.awt.EventDispatchThread.pumpEventsForHierarchy(Unknown Source)
	at java.awt.EventDispatchThread.pumpEventsForHierarchy(Unknown Source)
	at java.awt.Dialog$1.run(Unknown Source)
	at java.awt.event.InvocationEvent.dispatch(Unknown Source)
	at java.awt.EventQueue.dispatchEvent(Unknown Source)
	at java.awt.EventDispatchThread.pumpOneEventForHierarchy(Unknown Source)
	at java.awt.EventDispatchThread.pumpEventsForHierarchy(Unknown Source)
	at java.awt.EventDispatchThread.pumpEvents(Unknown Source)
	at java.awt.EventDispatchThread.pumpEvents(Unknown Source)
	at java.awt.EventDispatchThread.run(Unknown Source)
> com.mckoi.database.jdbcserver.DefaultLocalBootable$LocalJDBCDatabaseInterface ( lvl: 20 )
  Exception thrown during query processing on: [ Query:
[ SELECT * FROM AccountType WHERE CompId=99999 ]

]
[ TIME: Mon Apr 16 10:04:41 GMT 2007 ]
% com.mckoi.database.StatementException: Table 'APP.AccountType' was not found.
	at com.mckoi.database.interpret.Planner.generateFromSet(Planner.java:170)
	at com.mckoi.database.interpret.Select.prepare(Select.java:119)
	at com.mckoi.database.interpret.SQLQueryExecutor.execute(SQLQueryExecutor.java:144)
	at com.mckoi.database.jdbcserver.AbstractJDBCDatabaseInterface.execQuery(AbstractJDBCDatabaseInterface.java:461)
	at com.mckoi.database.jdbcserver.JDBCDatabaseInterface.execQuery(JDBCDatabaseInterface.java:251)
	at com.mckoi.database.jdbc.MConnection.executeQuery(MConnection.java:442)
	at com.mckoi.database.jdbc.MConnection.executeQueries(MConnection.java:425)
	at com.mckoi.database.jdbc.MStatement.executeQueries(MStatement.java:190)
	at com.mckoi.database.jdbc.MStatement.executeQuery(MStatement.java:164)
	at com.mckoi.database.jdbc.MStatement.executeQuery(MStatement.java:219)
	at nu.lazy8.ledger.jdbc.DataConnection.makeConnection(DataConnection.java:400)
	at nu.lazy8.ledger.jdbc.DataConnection.<init>(DataConnection.java:163)
	at nu.lazy8.ledger.jdbc.DataConnection.getInstance(DataConnection.java:262)
	at nu.lazy8.ledger.forms.CompanyForm.doesNumberExist(CompanyForm.java:251)
	at nu.lazy8.ledger.forms.CreateNewCompany$5.actionPerformed(CreateNewCompany.java:261)
	at javax.swing.AbstractButton.fireActionPerformed(Unknown Source)
	at javax.swing.AbstractButton$Handler.actionPerformed(Unknown Source)
	at javax.swing.DefaultButtonModel.fireActionPerformed(Unknown Source)
	at javax.swing.DefaultButtonModel.setPressed(Unknown Source)
	at javax.swing.plaf.basic.BasicButtonListener.mouseReleased(Unknown Source)
	at java.awt.Component.processMouseEvent(Unknown Source)
	at javax.swing.JComponent.processMouseEvent(Unknown Source)
	at java.awt.Component.processEvent(Unknown Source)
	at java.awt.Container.processEvent(Unknown Source)
	at java.awt.Component.dispatchEventImpl(Unknown Source)
	at java.awt.Container.dispatchEventImpl(Unknown Source)
	at java.awt.Component.dispatchEvent(Unknown Source)
	at java.awt.LightweightDispatcher.retargetMouseEvent(Unknown Source)
	at java.awt.LightweightDispatcher.processMouseEvent(Unknown Source)
	at java.awt.LightweightDispatcher.dispatchEvent(Unknown Source)
	at java.awt.Container.dispatchEventImpl(Unknown Source)
	at java.awt.Window.dispatchEventImpl(Unknown Source)
	at java.awt.Component.dispatchEvent(Unknown Source)
	at java.awt.EventQueue.dispatchEvent(Unknown Source)
	at java.awt.EventDispatchThread.pumpOneEventForHierarchy(Unknown Source)
	at java.awt.EventDispatchThread.pumpEventsForHierarchy(Unknown Source)
	at java.awt.EventDispatchThread.pumpEventsForHierarchy(Unknown Source)
	at java.awt.Dialog$1.run(Unknown Source)
	at java.awt.event.InvocationEvent.dispatch(Unknown Source)
	at java.awt.EventQueue.dispatchEvent(Unknown Source)
	at java.awt.EventDispatchThread.pumpOneEventForHierarchy(Unknown Source)
	at java.awt.EventDispatchThread.pumpEventsForHierarchy(Unknown Source)
	at java.awt.EventDispatchThread.pumpEvents(Unknown Source)
	at java.awt.EventDispatchThread.pumpEvents(Unknown Source)
	at java.awt.EventDispatchThread.run(Unknown Source)
